Using pre-set license
Built from '2020.3/staging' branch; Version is '2020.3.21f1 (a38c86f6690f) revision 10718342'; Using compiler version '192528614'; Build Type 'Release'
OS: 'Windows 10 Pro; OS build 19042.1288; Version 2009; 64bit' Language: 'es' Physical Memory: 16267 MB
BatchMode: 1, IsHumanControllingUs: 0, StartBugReporterOnCrash: 0, Is64bit: 1, IsPro: 0

COMMAND LINE ARGUMENTS:
D:\Unity Hub\Unity editor\2020.3.21f1\Editor\Unity.exe
-adb2
-batchMode
-noUpm
-name
AssetImportWorker0
-projectPath
D:/Unity Hub/Proyectos/Movimiento mirada/Movimiento mirada
-logFile
Logs/AssetImportWorker0.log
-srvPort
52394
Successfully changed project path to: D:/Unity Hub/Proyectos/Movimiento mirada/Movimiento mirada
D:/Unity Hub/Proyectos/Movimiento mirada/Movimiento mirada
Using Asset Import Pipeline V2.
Refreshing native plugins compatible for Editor in 69.92 ms, found 2 plugins.
Preloading 0 native plugins for Editor in 0.00 ms.
Initialize engine version: 2020.3.21f1 (a38c86f6690f)
[Subsystems] Discovering subsystems at path D:/Unity Hub/Unity editor/2020.3.21f1/Editor/Data/Resources/UnitySubsystems
[Subsystems] Discovering subsystems at path D:/Unity Hub/Proyectos/Movimiento mirada/Movimiento mirada/Assets
GfxDevice: creating device client; threaded=0
Direct3D:
    Version:  Direct3D 11.0 [level 11.1]
    Renderer: NVIDIA GeForce GTX 1050 (ID=0x1c8d)
    Vendor:   
    VRAM:     4019 MB
    Driver:   30.0.14.9649
Initialize mono
Mono path[0] = 'D:/Unity Hub/Unity editor/2020.3.21f1/Editor/Data/Managed'
Mono path[1] = 'D:/Unity Hub/Unity editor/2020.3.21f1/Editor/Data/MonoBleedingEdge/lib/mono/unityjit'
Mono config path = 'D:/Unity Hub/Unity editor/2020.3.21f1/Editor/Data/MonoBleedingEdge/etc'
Using monoOptions --debugger-agent=transport=dt_socket,embedding=1,server=y,suspend=n,address=127.0.0.1:56820
Begin MonoManager ReloadAssembly
Registering precompiled unity dll's ...
Register platform support module: D:/Unity Hub/Unity editor/2020.3.21f1/Editor/Data/PlaybackEngines/WindowsStandaloneSupport/UnityEditor.WindowsStandalone.Extensions.dll
Registered in 0.001569 seconds.
Native extension for WindowsStandalone target not found
Refreshing native plugins compatible for Editor in 46.77 ms, found 2 plugins.
Preloading 0 native plugins for Editor in 0.00 ms.
Mono: successfully reloaded assembly
- Completed reload, in  3.643 seconds
Domain Reload Profiling:
	ReloadAssembly (3643ms)
		BeginReloadAssembly (102ms)
			ExecutionOrderSort (0ms)
			DisableScriptedObjects (0ms)
			BackupInstance (0ms)
			ReleaseScriptingObjects (0ms)
			CreateAndSetChildDomain (1ms)
		EndReloadAssembly (609ms)
			LoadAssemblies (103ms)
			RebuildTransferFunctionScriptingTraits (0ms)
			SetupTypeCache (222ms)
			ReleaseScriptCaches (0ms)
			RebuildScriptCaches (43ms)
			SetupLoadedEditorAssemblies (215ms)
				LogAssemblyErrors (0ms)
				InitializePlatformSupportModulesInManaged (4ms)
				SetLoadedEditorAssemblies (0ms)
				RefreshPlugins (47ms)
				BeforeProcessingInitializeOnLoad (10ms)
				ProcessInitializeOnLoadAttributes (111ms)
				ProcessInitializeOnLoadMethodAttributes (43ms)
				AfterProcessingInitializeOnLoad (0ms)
				EditorAssembliesLoaded (0ms)
			ExecutionOrderSort2 (0ms)
			AwakeInstancesAfterBackupRestoration (0ms)
Platform modules already initialized, skipping
Registering precompiled user dll's ...
Registered in 0.004368 seconds.
Begin MonoManager ReloadAssembly
Native extension for WindowsStandalone target not found
Refreshing native plugins compatible for Editor in 0.72 ms, found 2 plugins.
Preloading 0 native plugins for Editor in 0.00 ms.
Mono: successfully reloaded assembly
- Completed reload, in  1.446 seconds
Domain Reload Profiling:
	ReloadAssembly (1447ms)
		BeginReloadAssembly (239ms)
			ExecutionOrderSort (0ms)
			DisableScriptedObjects (7ms)
			BackupInstance (0ms)
			ReleaseScriptingObjects (0ms)
			CreateAndSetChildDomain (31ms)
		EndReloadAssembly (1134ms)
			LoadAssemblies (158ms)
			RebuildTransferFunctionScriptingTraits (0ms)
			SetupTypeCache (369ms)
			ReleaseScriptCaches (1ms)
			RebuildScriptCaches (61ms)
			SetupLoadedEditorAssemblies (428ms)
				LogAssemblyErrors (0ms)
				InitializePlatformSupportModulesInManaged (8ms)
				SetLoadedEditorAssemblies (1ms)
				RefreshPlugins (1ms)
				BeforeProcessingInitializeOnLoad (77ms)
				ProcessInitializeOnLoadAttributes (326ms)
				ProcessInitializeOnLoadMethodAttributes (12ms)
				AfterProcessingInitializeOnLoad (3ms)
				EditorAssembliesLoaded (0ms)
			ExecutionOrderSort2 (0ms)
			AwakeInstancesAfterBackupRestoration (7ms)
Platform modules already initialized, skipping
========================================================================
Worker process is ready to serve import requests
Launched and connected shader compiler UnityShaderCompiler.exe after 0.09 seconds
Refreshing native plugins compatible for Editor in 0.36 ms, found 2 plugins.
Preloading 0 native plugins for Editor in 0.00 ms.
Unloading 1577 Unused Serialized files (Serialized files now loaded: 0)
System memory in use before: 71.0 MB.
System memory in use after: 71.1 MB.

Unloading 20 unused Assets to reduce memory usage. Loaded Objects now: 2010.
Total: 4.405900 ms (FindLiveObjects: 0.597400 ms CreateObjectMapping: 0.166800 ms MarkObjects: 3.535800 ms  DeleteObjects: 0.102700 ms)

AssetImportParameters requested are different than current active one (requested -> active):
  custom:framework-win-MediaFoundation: 216162199b28c13a410421893ffa2e32 -> 
  custom:video-decoder-ogg-theora: a1e56fd34408186e4bbccfd4996cb3dc -> 
  custom:container-muxer-webm: aa71ff27fc2769a1b78a27578f13a17b -> 
  custom:container-demuxer-webm: 4f35f7cbe854078d1ac9338744f61a02 -> 
  custom:container-demuxer-ogg: 62fdf1f143b41e24485cea50d1cbac27 -> 
  custom:video-encoder-webm-vp8: eb34c28f22e8b96e1ab97ce403110664 -> 
  custom:video-decoder-webm-vp8: 9c59270c3fd7afecdb556c50c9e8de78 -> 
  custom:audio-decoder-ogg-vorbis: bf7c407c2cedff20999df2af8eb42d56 -> 
  custom:audio-encoder-webm-vorbis: bf7c407c2cedff20999df2af8eb42d56 -> 
========================================================================
Received Import Request.
  path: Assets/Samples/Google Cardboard XR Plugin for Unity/1.9.0/Hello Cardboard
  artifactKey: Guid(55450c6be33c59c468d54339dacfcc14) Importer(815301076,1909f56bfc062723c751e8b465ee728b)
Start importing Assets/Samples/Google Cardboard XR Plugin for Unity/1.9.0/Hello Cardboard using Guid(55450c6be33c59c468d54339dacfcc14) Importer(815301076,1909f56bfc062723c751e8b465ee728b)  -> (artifact id: '8d7435aa0d9e0c43141ef76778cbba4c') in 0.010708 seconds 
  Import took 0.013665 seconds .

========================================================================
Received Prepare
Registering precompiled user dll's ...
Registered in 0.006072 seconds.
Begin MonoManager ReloadAssembly
Native extension for WindowsStandalone target not found
Refreshing native plugins compatible for Editor in 0.44 ms, found 2 plugins.
Preloading 0 native plugins for Editor in 0.00 ms.
Mono: successfully reloaded assembly
- Completed reload, in  1.272 seconds
Domain Reload Profiling:
	ReloadAssembly (1272ms)
		BeginReloadAssembly (161ms)
			ExecutionOrderSort (0ms)
			DisableScriptedObjects (5ms)
			BackupInstance (0ms)
			ReleaseScriptingObjects (0ms)
			CreateAndSetChildDomain (42ms)
		EndReloadAssembly (1038ms)
			LoadAssemblies (131ms)
			RebuildTransferFunctionScriptingTraits (0ms)
			SetupTypeCache (372ms)
			ReleaseScriptCaches (1ms)
			RebuildScriptCaches (48ms)
			SetupLoadedEditorAssemblies (371ms)
				LogAssemblyErrors (0ms)
				InitializePlatformSupportModulesInManaged (6ms)
				SetLoadedEditorAssemblies (1ms)
				RefreshPlugins (1ms)
				BeforeProcessingInitializeOnLoad (65ms)
				ProcessInitializeOnLoadAttributes (285ms)
				ProcessInitializeOnLoadMethodAttributes (11ms)
				AfterProcessingInitializeOnLoad (3ms)
				EditorAssembliesLoaded (0ms)
			ExecutionOrderSort2 (0ms)
			AwakeInstancesAfterBackupRestoration (9ms)
Platform modules already initialized, skipping
Switching build target platform(19) subTarget(0) extendedPlatform(0) -> platform(13) subTarget(537395200) extendedPlatform(0)
Refreshing native plugins compatible for Editor in 0.42 ms, found 2 plugins.
Preloading 0 native plugins for Editor in 0.00 ms.
Unloading 1571 Unused Serialized files (Serialized files now loaded: 0)
System memory in use before: 70.7 MB.
System memory in use after: 70.8 MB.

Unloading 15 unused Assets to reduce memory usage. Loaded Objects now: 2013.
Total: 3.896900 ms (FindLiveObjects: 0.167100 ms CreateObjectMapping: 0.064000 ms MarkObjects: 3.641700 ms  DeleteObjects: 0.022300 ms)

AssetImportParameters requested are different than current active one (requested -> active):
  custom:framework-win-MediaFoundation: 216162199b28c13a410421893ffa2e32 -> 
  custom:video-decoder-ogg-theora: a1e56fd34408186e4bbccfd4996cb3dc -> 
  custom:container-muxer-webm: aa71ff27fc2769a1b78a27578f13a17b -> 
  custom:container-demuxer-webm: 4f35f7cbe854078d1ac9338744f61a02 -> 
  custom:container-demuxer-ogg: 62fdf1f143b41e24485cea50d1cbac27 -> 
  custom:video-encoder-webm-vp8: eb34c28f22e8b96e1ab97ce403110664 -> 
  custom:video-decoder-webm-vp8: 9c59270c3fd7afecdb556c50c9e8de78 -> 
  custom:graphics/normal-map-encoding: 01000000000000000000000000000000 -> 02000000000000000000000000000000
  custom:audio-decoder-ogg-vorbis: bf7c407c2cedff20999df2af8eb42d56 -> 
  custom:audio-encoder-webm-vorbis: bf7c407c2cedff20999df2af8eb42d56 -> 
========================================================================
Received Prepare
Refreshing native plugins compatible for Editor in 6.50 ms, found 2 plugins.
Preloading 0 native plugins for Editor in 0.00 ms.
Unloading 12 Unused Serialized files (Serialized files now loaded: 0)
System memory in use before: 39.9 MB.
System memory in use after: 40.0 MB.

Unloading 12 unused Assets to reduce memory usage. Loaded Objects now: 2013.
Total: 4.204300 ms (FindLiveObjects: 0.220900 ms CreateObjectMapping: 0.092700 ms MarkObjects: 3.862900 ms  DeleteObjects: 0.021600 ms)

AssetImportParameters requested are different than current active one (requested -> active):
  custom:framework-win-MediaFoundation: 216162199b28c13a410421893ffa2e32 -> 
  custom:video-decoder-ogg-theora: a1e56fd34408186e4bbccfd4996cb3dc -> 
  custom:container-muxer-webm: aa71ff27fc2769a1b78a27578f13a17b -> 
  custom:container-demuxer-webm: 4f35f7cbe854078d1ac9338744f61a02 -> 
  custom:container-demuxer-ogg: 62fdf1f143b41e24485cea50d1cbac27 -> 
  custom:video-encoder-webm-vp8: eb34c28f22e8b96e1ab97ce403110664 -> 
  custom:video-decoder-webm-vp8: 9c59270c3fd7afecdb556c50c9e8de78 -> 
  custom:audio-decoder-ogg-vorbis: bf7c407c2cedff20999df2af8eb42d56 -> 
  custom:audio-encoder-webm-vorbis: bf7c407c2cedff20999df2af8eb42d56 -> 
========================================================================
Received Prepare
Switching build target platform(13) subTarget(537395200) extendedPlatform(0) -> platform(13) subTarget(524288) extendedPlatform(0)
Refreshing native plugins compatible for Editor in 3.85 ms, found 2 plugins.
Preloading 0 native plugins for Editor in 0.00 ms.
Unloading 12 Unused Serialized files (Serialized files now loaded: 0)
System memory in use before: 39.9 MB.
System memory in use after: 40.0 MB.

Unloading 12 unused Assets to reduce memory usage. Loaded Objects now: 2013.
Total: 3.931500 ms (FindLiveObjects: 0.175700 ms CreateObjectMapping: 0.059900 ms MarkObjects: 3.672700 ms  DeleteObjects: 0.021600 ms)

AssetImportParameters requested are different than current active one (requested -> active):
  buildTarget: platform 13, subtarget 524288, extendedPlatform 0 -> platform 13, subtarget 537395200, extendedPlatform 0
  graphicsApiMask: 2048 -> 2099200
  custom:framework-win-MediaFoundation: 216162199b28c13a410421893ffa2e32 -> 
  custom:video-decoder-ogg-theora: a1e56fd34408186e4bbccfd4996cb3dc -> 
  custom:container-muxer-webm: aa71ff27fc2769a1b78a27578f13a17b -> 
  custom:container-demuxer-webm: 4f35f7cbe854078d1ac9338744f61a02 -> 
  custom:container-demuxer-ogg: 62fdf1f143b41e24485cea50d1cbac27 -> 
  custom:video-encoder-webm-vp8: eb34c28f22e8b96e1ab97ce403110664 -> 
  custom:video-decoder-webm-vp8: 9c59270c3fd7afecdb556c50c9e8de78 -> 
  custom:audio-decoder-ogg-vorbis: bf7c407c2cedff20999df2af8eb42d56 -> 
  custom:audio-encoder-webm-vorbis: bf7c407c2cedff20999df2af8eb42d56 -> 
========================================================================
Received Import Request.
  Time since last request: 599.335293 seconds.
  path: Assets/Plugins
  artifactKey: Guid(e5803896a0d388f4aaa438180c2a13e5) Importer(815301076,1909f56bfc062723c751e8b465ee728b)
Start importing Assets/Plugins using Guid(e5803896a0d388f4aaa438180c2a13e5) Importer(815301076,1909f56bfc062723c751e8b465ee728b)  -> (artifact id: 'e8bd05a54fc18f9ca9a9c8accb895239') in 0.009822 seconds 
  Import took 0.013836 seconds .

========================================================================
Received Import Request.
  Time since last request: 0.938565 seconds.
  path: Assets/Plugins/Android
  artifactKey: Guid(2069c895e9dd7924eb2eda9afe3703e2) Importer(815301076,1909f56bfc062723c751e8b465ee728b)
Start importing Assets/Plugins/Android using Guid(2069c895e9dd7924eb2eda9afe3703e2) Importer(815301076,1909f56bfc062723c751e8b465ee728b)  -> (artifact id: '0be8a5693469ab9fa748df29f745e1d0') in 0.010042 seconds 
  Import took 0.012755 seconds .

========================================================================
Received Import Request.
  Time since last request: 1.153932 seconds.
  path: Assets/Plugins/Android/mainTemplate.gradle
  artifactKey: Guid(6077d5fb3c9d9d7489dd929401177e8a) Importer(815301076,1909f56bfc062723c751e8b465ee728b)
Start importing Assets/Plugins/Android/mainTemplate.gradle using Guid(6077d5fb3c9d9d7489dd929401177e8a) Importer(815301076,1909f56bfc062723c751e8b465ee728b)  -> (artifact id: '5fd310e594ba8c75e9f452dde60789f0') in 0.036464 seconds 
  Import took 0.039268 seconds .

========================================================================
Received Import Request.
  Time since last request: 123.042120 seconds.
  path: Assets/Plugins/Android/mainTemplate.gradle
  artifactKey: Guid(6077d5fb3c9d9d7489dd929401177e8a) Importer(815301076,1909f56bfc062723c751e8b465ee728b)
Start importing Assets/Plugins/Android/mainTemplate.gradle using Guid(6077d5fb3c9d9d7489dd929401177e8a) Importer(815301076,1909f56bfc062723c751e8b465ee728b)  -> (artifact id: 'b3d11b2724222242a43323faf82a042a') in 0.003788 seconds 
  Import took 0.008795 seconds .

========================================================================
Received Import Request.
  Time since last request: 27.481581 seconds.
  path: Assets/Plugins/Android/gradleTemplate.properties
  artifactKey: Guid(f6d461f5f57da4c4ba381fb200319b2e) Importer(815301076,1909f56bfc062723c751e8b465ee728b)
Start importing Assets/Plugins/Android/gradleTemplate.properties using Guid(f6d461f5f57da4c4ba381fb200319b2e) Importer(815301076,1909f56bfc062723c751e8b465ee728b)  -> (artifact id: '5b22b67ee291c1c5de298e9794d4ff8d') in 0.012291 seconds 
  Import took 0.015263 seconds .

========================================================================
Received Import Request.
  Time since last request: 23.832382 seconds.
  path: Assets/Plugins/Android/gradleTemplate.properties
  artifactKey: Guid(f6d461f5f57da4c4ba381fb200319b2e) Importer(815301076,1909f56bfc062723c751e8b465ee728b)
Start importing Assets/Plugins/Android/gradleTemplate.properties using Guid(f6d461f5f57da4c4ba381fb200319b2e) Importer(815301076,1909f56bfc062723c751e8b465ee728b)  -> (artifact id: '6eafb9d2d4a6ba540b6cbb5f948bf466') in 0.002485 seconds 
  Import took 0.006047 seconds .

========================================================================
Received Import Request.
  Time since last request: 73.145044 seconds.
  path: Assets/Plugins/Android/AndroidManifest.xml
  artifactKey: Guid(132a758621be1714fbdae1f8cd86b6c8) Importer(815301076,1909f56bfc062723c751e8b465ee728b)
Start importing Assets/Plugins/Android/AndroidManifest.xml using Guid(132a758621be1714fbdae1f8cd86b6c8) Importer(815301076,1909f56bfc062723c751e8b465ee728b)  -> (artifact id: 'a97513a7a04c1cd380c0eb6b26eaf763') in 0.029330 seconds 
  Import took 0.031944 seconds .

========================================================================
Received Import Request.
  Time since last request: 65.527522 seconds.
  path: Assets/Plugins/Android/AndroidManifest.xml
  artifactKey: Guid(132a758621be1714fbdae1f8cd86b6c8) Importer(815301076,1909f56bfc062723c751e8b465ee728b)
Start importing Assets/Plugins/Android/AndroidManifest.xml using Guid(132a758621be1714fbdae1f8cd86b6c8) Importer(815301076,1909f56bfc062723c751e8b465ee728b)  -> (artifact id: '9736d1ed19008647f925508ef9eb72ea') in 0.002904 seconds 
  Import took 0.008089 seconds .

========================================================================
Received Import Request.
  Time since last request: 45.805348 seconds.
  path: Assets/Scenes
  artifactKey: Guid(6b02260d5c47e7c418b6a453995c80e7) Importer(815301076,1909f56bfc062723c751e8b465ee728b)
Start importing Assets/Scenes using Guid(6b02260d5c47e7c418b6a453995c80e7) Importer(815301076,1909f56bfc062723c751e8b465ee728b)  -> (artifact id: '1cfba8854bfb8ebadc67330a719760b3') in 0.008035 seconds 
  Import took 0.011352 seconds .

========================================================================
Received Import Request.
  Time since last request: 5.720101 seconds.
  path: Assets/XR
  artifactKey: Guid(2d6c531ebab0454438875c751aaea9c0) Importer(815301076,1909f56bfc062723c751e8b465ee728b)
Start importing Assets/XR using Guid(2d6c531ebab0454438875c751aaea9c0) Importer(815301076,1909f56bfc062723c751e8b465ee728b)  -> (artifact id: '72355067ef52049ee66b724cb335dc87') in 0.008454 seconds 
  Import took 0.011786 seconds .

========================================================================
Received Import Request.
  Time since last request: 0.122442 seconds.
  path: Assets/XR/XRGeneralSettings.asset
  artifactKey: Guid(2505809135cd39e4da62de6f2b77e040) Importer(815301076,1909f56bfc062723c751e8b465ee728b)
Start importing Assets/XR/XRGeneralSettings.asset using Guid(2505809135cd39e4da62de6f2b77e040) Importer(815301076,1909f56bfc062723c751e8b465ee728b)  -> (artifact id: '03cd10e4e5ccb6212d66f96a19a3c07d') in 0.016713 seconds 
  Import took 0.019796 seconds .

========================================================================
Received Import Request.
  Time since last request: 2.282389 seconds.
  path: Assets/XR/Settings
  artifactKey: Guid(6f8eba3506725f347bd2ab15ed4e1e26) Importer(815301076,1909f56bfc062723c751e8b465ee728b)
Start importing Assets/XR/Settings using Guid(6f8eba3506725f347bd2ab15ed4e1e26) Importer(815301076,1909f56bfc062723c751e8b465ee728b)  -> (artifact id: '9519889f961efb48d22a0a0c17e81a71') in 0.008218 seconds 
  Import took 0.011069 seconds .

========================================================================
Received Import Request.
  Time since last request: 1.451445 seconds.
  path: Assets/Samples
  artifactKey: Guid(749fa489f26ea424fbd787524b13f837) Importer(815301076,1909f56bfc062723c751e8b465ee728b)
Start importing Assets/Samples using Guid(749fa489f26ea424fbd787524b13f837) Importer(815301076,1909f56bfc062723c751e8b465ee728b)  -> (artifact id: 'af7a400e4cd9dbc005ea84a478b58fe8') in 0.008375 seconds 
  Import took 0.011238 seconds .

========================================================================
Received Import Request.
  Time since last request: 0.762746 seconds.
  path: Assets/Samples/Google Cardboard XR Plugin for Unity
  artifactKey: Guid(4ae6411a9dca8ef4895dc6a72a6834b7) Importer(815301076,1909f56bfc062723c751e8b465ee728b)
Start importing Assets/Samples/Google Cardboard XR Plugin for Unity using Guid(4ae6411a9dca8ef4895dc6a72a6834b7) Importer(815301076,1909f56bfc062723c751e8b465ee728b)  -> (artifact id: '14532a12667a98cf5ceef17b808acb75') in 0.008116 seconds 
  Import took 0.011615 seconds .

========================================================================
Received Import Request.
  Time since last request: 0.694147 seconds.
  path: Assets/Samples/Google Cardboard XR Plugin for Unity/1.9.0
  artifactKey: Guid(79320dcfda86e4c4db3dc87b9594e5d2) Importer(815301076,1909f56bfc062723c751e8b465ee728b)
Start importing Assets/Samples/Google Cardboard XR Plugin for Unity/1.9.0 using Guid(79320dcfda86e4c4db3dc87b9594e5d2) Importer(815301076,1909f56bfc062723c751e8b465ee728b)  -> (artifact id: '11224a58a4f4d92cc160a2314afe1bbb') in 0.008365 seconds 
  Import took 0.011178 seconds .

========================================================================
Received Import Request.
  Time since last request: 2.077731 seconds.
  path: Assets/Samples/Google Cardboard XR Plugin for Unity/1.9.0/Hello Cardboard/Scenes
  artifactKey: Guid(6532d9b74af7e42dd9bfe5affd1bba03) Importer(815301076,1909f56bfc062723c751e8b465ee728b)
Start importing Assets/Samples/Google Cardboard XR Plugin for Unity/1.9.0/Hello Cardboard/Scenes using Guid(6532d9b74af7e42dd9bfe5affd1bba03) Importer(815301076,1909f56bfc062723c751e8b465ee728b)  -> (artifact id: '0811ac7d4320a59dbd65a70b3a4e0297') in 0.002091 seconds 
  Import took 0.005300 seconds .

========================================================================
Received Import Request.
  Time since last request: 1.302776 seconds.
  path: Assets/Samples/Google Cardboard XR Plugin for Unity/1.9.0/Hello Cardboard/Scenes/HelloCardboard.unity
  artifactKey: Guid(145a2a45d7bc746b19cb68410368bf96) Importer(815301076,1909f56bfc062723c751e8b465ee728b)
Start importing Assets/Samples/Google Cardboard XR Plugin for Unity/1.9.0/Hello Cardboard/Scenes/HelloCardboard.unity using Guid(145a2a45d7bc746b19cb68410368bf96) Importer(815301076,1909f56bfc062723c751e8b465ee728b)  -> (artifact id: '5beddf4d487e0d787e0df8cfad0c90ff') in 0.009305 seconds 
  Import took 0.012232 seconds .

========================================================================
Received Import Request.
  Time since last request: 459.214230 seconds.
  path: Assets/Samples/Google Cardboard XR Plugin for Unity/1.9.0/Hello Cardboard/Scripts
  artifactKey: Guid(100b6e7cd642840158178c0b6bfa29d1) Importer(815301076,1909f56bfc062723c751e8b465ee728b)
Start importing Assets/Samples/Google Cardboard XR Plugin for Unity/1.9.0/Hello Cardboard/Scripts using Guid(100b6e7cd642840158178c0b6bfa29d1) Importer(815301076,1909f56bfc062723c751e8b465ee728b)  -> (artifact id: '17815aab4f69f4d6761ba4d2a6599ff2') in 0.010981 seconds 
  Import took 0.014495 seconds .

========================================================================
Received Import Request.
  Time since last request: 108.015980 seconds.
  path: Assets/Scenes/SampleScene.unity
  artifactKey: Guid(9fc0d4010bbf28b4594072e72b8655ab) Importer(815301076,1909f56bfc062723c751e8b465ee728b)
Start importing Assets/Scenes/SampleScene.unity using Guid(9fc0d4010bbf28b4594072e72b8655ab) Importer(815301076,1909f56bfc062723c751e8b465ee728b)  -> (artifact id: '85059f4f9e1a832ed95adaa0d25c5c4c') in 0.008467 seconds 
  Import took 0.011378 seconds .

AssetImportWorkerClient::OnTransportError - code=2 error=End of file
